Dr Hearing App/app/build/outputs/logs/manifest-merger-debug-report.txt
-- Merging decision tree log ---
manifest
ADDED from src\main\AndroidManifest.xml:2:1-165:12
	package
		ADDED from src\main\AndroidManifest.xml:3:5-40
		INJECTED from src\main\AndroidManifest.xml
		INJECTED from src\main\AndroidManifest.xml
	android:versionName
		ADDED from src\main\AndroidManifest.xml:5:5-28
		INJECTED from src\main\AndroidManifest.xml
		INJECTED from src\main\AndroidManifest.xml
	android:versionCode
		ADDED from src\main\AndroidManifest.xml:4:5-28
		INJECTED from src\main\AndroidManifest.xml
		INJECTED from src\main\AndroidManifest.xml
	xmlns:android
		ADDED from src\main\AndroidManifest.xml:2:11-69
uses-permission#android.permission.MODIFY_AUDIO_SETTINGS
ADDED from src\main\AndroidManifest.xml:7:5-9:23
	android:name
		ADDED from src\main\AndroidManifest.xml:8:9-64
uses-permission#android.permission.RECORD_AUDIO
ADDED from src\main\AndroidManifest.xml:11:5-13:23
	android:name
		ADDED from src\main\AndroidManifest.xml:12:9-55
uses-permission#android.permission.GET_ACCOUNTS
ADDED from src\main\AndroidManifest.xml:15:5-18:23
	android:name
		ADDED from src\main\AndroidManifest.xml:17:13-59
uses-sdk
ADDED from src\main\AndroidManifest.xml:20:5-22:41
	android:targetSdkVersion
		ADDED from src\main\AndroidManifest.xml:22:9-38
		INJECTED from src\main\AndroidManifest.xml
		INJECTED from src\main\AndroidManifest.xml
	android:minSdkVersion
		ADDED from src\main\AndroidManifest.xml:21:9-35
		INJECTED from src\main\AndroidManifest.xml
		INJECTED from src\main\AndroidManifest.xml
application
ADDED from src\main\AndroidManifest.xml:24:5-164:19
	android:label
		ADDED from src\main\AndroidManifest.xml:27:9-41
	android:allowBackup
		ADDED from src\main\AndroidManifest.xml:25:9-35
	android:icon
		ADDED from src\main\AndroidManifest.xml:26:9-45
	android:theme
		ADDED from src\main\AndroidManifest.xml:28:9-40
activity#com.malikjunaid.drhearing.MainMenu
ADDED from src\main\AndroidManifest.xml:30:9-40:20
	android:screenOrientation
		ADDED from src\main\AndroidManifest.xml:33:13-49
	android:label
		ADDED from src\main\AndroidManifest.xml:32:13-45
	android:name
		ADDED from src\main\AndroidManifest.xml:31:13-62
intent-filter#android.intent.action.MAIN+android.intent.category.LAUNCHER
ADDED from src\main\AndroidManifest.xml:35:13-39:29
action#android.intent.action.MAIN
ADDED from src\main\AndroidManifest.xml:36:17-69
	android:name
		ADDED from src\main\AndroidManifest.xml:36:25-66
category#android.intent.category.LAUNCHER
ADDED from src\main\AndroidManifest.xml:38:17-77
	android:name
		ADDED from src\main\AndroidManifest.xml:38:27-74
activity#com.malikjunaid.drhearing.AccountCreate
ADDED from src\main\AndroidManifest.xml:41:9-49:20
	android:screenOrientation
		ADDED from src\main\AndroidManifest.xml:44:13-49
	android:label
		ADDED from src\main\AndroidManifest.xml:43:13-51
	android:name
		ADDED from src\main\AndroidManifest.xml:42:13-67
intent-filter#android.intent.action.MAIN+android.intent.category.EMBED
ADDED from src\main\AndroidManifest.xml:45:13-48:29
category#android.intent.category.EMBED
ADDED from src\main\AndroidManifest.xml:47:17-74
	android:name
		ADDED from src\main\AndroidManifest.xml:47:27-71
activity#com.malikjunaid.drhearing.StartTest
ADDED from src\main\AndroidManifest.xml:50:9-58:20
	android:screenOrientation
		ADDED from src\main\AndroidManifest.xml:53:13-49
	android:label
		ADDED from src\main\AndroidManifest.xml:52:13-47
	android:name
		ADDED from src\main\AndroidManifest.xml:51:13-63
activity#com.malikjunaid.drhearing.HearingTestActivity
ADDED from src\main\AndroidManifest.xml:59:9-67:20
	android:screenOrientation
		ADDED from src\main\AndroidManifest.xml:62:13-49
	android:label
		ADDED from src\main\AndroidManifest.xml:61:13-51
	android:name
		ADDED from src\main\AndroidManifest.xml:60:13-73
activity#com.malikjunaid.drhearing.FragmentFrequency
ADDED from src\main\AndroidManifest.xml:68:9-75:20
	android:label
		ADDED from src\main\AndroidManifest.xml:70:13-51
	android:name
		ADDED from src\main\AndroidManifest.xml:69:13-71
activity#com.malikjunaid.drhearing.FrequencyGenerator
ADDED from src\main\AndroidManifest.xml:76:9-83:20
	android:label
		ADDED from src\main\AndroidManifest.xml:78:13-51
	android:name
		ADDED from src\main\AndroidManifest.xml:77:13-72
activity#com.malikjunaid.drhearing.FragmentAudiogram
ADDED from src\main\AndroidManifest.xml:84:9-91:20
	android:label
		ADDED from src\main\AndroidManifest.xml:86:13-51
	android:name
		ADDED from src\main\AndroidManifest.xml:85:13-71
activity#com.malikjunaid.drhearing.FragmentDecibelMeter
ADDED from src\main\AndroidManifest.xml:92:9-99:20
	android:label
		ADDED from src\main\AndroidManifest.xml:94:13-52
	android:name
		ADDED from src\main\AndroidManifest.xml:93:13-74
activity#com.malikjunaid.drhearing.TestResults
ADDED from src\main\AndroidManifest.xml:100:9-107:20
	android:label
		ADDED from src\main\AndroidManifest.xml:102:13-50
	android:name
		ADDED from src\main\AndroidManifest.xml:101:13-65
activity#com.malikjunaid.drhearing.LoadTestActivity
ADDED from src\main\AndroidManifest.xml:108:9-115:20
	android:label
		ADDED from src\main\AndroidManifest.xml:110:13-50
	android:name
		ADDED from src\main\AndroidManifest.xml:109:13-70
activity#com.malikjunaid.drhearing.MoreInfo
ADDED from src\main\AndroidManifest.xml:116:9-123:20
	android:label
		ADDED from src\main\AndroidManifest.xml:118:13-54
	android:name
		ADDED from src\main\AndroidManifest.xml:117:13-62
activity#com.malikjunaid.drhearing.MoreInfo2
ADDED from src\main\AndroidManifest.xml:124:9-131:20
	android:label
		ADDED from src\main\AndroidManifest.xml:126:13-46
	android:name
		ADDED from src\main\AndroidManifest.xml:125:13-63
activity#com.malikjunaid.drhearing.InfoView1
ADDED from src\main\AndroidManifest.xml:132:9-139:20
	android:label
		ADDED from src\main\AndroidManifest.xml:134:13-46
	android:name
		ADDED from src\main\AndroidManifest.xml:133:13-63
activity#com.malikjunaid.drhearing.InfoView2
ADDED from src\main\AndroidManifest.xml:140:9-147:20
	android:label
		ADDED from src\main\AndroidManifest.xml:142:13-46
	android:name
		ADDED from src\main\AndroidManifest.xml:141:13-63
activity#com.malikjunaid.drhearing.InfoView3
ADDED from src\main\AndroidManifest.xml:148:9-155:20
	android:label
		ADDED from src\main\AndroidManifest.xml:150:13-46
	android:name
		ADDED from src\main\AndroidManifest.xml:149:13-63
activity#com.malikjunaid.drhearing.InfoView4
ADDED from src\main\AndroidManifest.xml:156:9-163:20
	android:label
		ADDED from src\main\AndroidManifest.xml:158:13-46
	android:name
		ADDED from src\main\AndroidManifest.xml:157:13-63